<?xml version="1.0" encoding="UTF-8"?>
<!-- Generated by org.testng.reporters.JUnitXMLReporter -->
<testsuite ignored="0" hostname="BBL8P644F3" failures="0" tests="8" name="myTestNgTest" time="0.047" errors="0" timestamp="2022-09-21T18:03:37 EDT">
  <testcase classname="myProject.myTest3" name="useJsonData" time="0.0">
    <skipped/>
  </testcase> <!-- useJsonData -->
  <testcase classname="myProject.myTest1" name="Dhani" time="0.004"/>
  <testcase classname="myProject.myTest4" name="test11" time="0.005"/>
  <testcase classname="myProject.myTest1" name="Manju" time="0.006"/>
  <testcase classname="myProject.myTest2" name="test11" time="0.008"/>
  <testcase classname="myProject.myTest1" name="Atul" time="0.008"/>
  <testcase classname="myProject.myTest2" name="test2" time="0.001"/>
  <testcase classname="myProject.myTest4" name="test2" time="0.001"/>
</testsuite> <!-- myTestNgTest -->
