<?xml version="1.0" encoding="UTF-8"?>
<!-- Generated by org.testng.reporters.JUnitXMLReporter -->
<testsuite ignored="0" hostname="BBL8P644F3" failures="0" tests="4" name="myTestNgTest" time="0.049" errors="0" timestamp="2022-09-20T00:48:46 EDT">
  <testcase classname="myProject.myTest1" name="test1" time="0.005"/>
  <testcase classname="myProject.myTest1" name="test1a" time="0.0"/>
  <testcase classname="myProject.myTest2" name="test2" time="0.0"/>
  <testcase classname="myProject.myTest3" name="test3" time="0.0"/>
</testsuite> <!-- myTestNgTest -->
