<?xml version="1.0" encoding="UTF-8"?>
<testng-results ignored="0" total="4" passed="4" failed="0" skipped="0">
  <reporter-output>
  </reporter-output>
  <suite started-at="2022-09-20T00:48:46 EDT" name="myTestNgSuite" finished-at="2022-09-20T00:48:46 EDT" duration-ms="49">
    <groups>
    </groups>
    <test started-at="2022-09-20T00:48:46 EDT" name="myTestNgTest" finished-at="2022-09-20T00:48:46 EDT" duration-ms="49">
      <class name="myProject.myTest2">
        <test-method signature="test2()[pri:0, instance:myProject.myTest2@3967e60c]" started-at="2022-09-20T00:48:46 EDT" name="test2" finished-at="2022-09-20T00:48:46 EDT" duration-ms="0" status="PASS">
          <reporter-output>
          </reporter-output>
        </test-method> <!-- test2 -->
      </class> <!-- myProject.myTest2 -->
      <class name="myProject.myTest1">
        <test-method signature="test1()[pri:0, instance:myProject.myTest1@1f0f1111]" started-at="2022-09-20T00:48:46 EDT" name="test1" finished-at="2022-09-20T00:48:46 EDT" duration-ms="5" status="PASS">
          <reporter-output>
          </reporter-output>
        </test-method> <!-- test1 -->
        <test-method signature="test1a()[pri:0, instance:myProject.myTest1@1f0f1111]" started-at="2022-09-20T00:48:46 EDT" name="test1a" finished-at="2022-09-20T00:48:46 EDT" duration-ms="0" status="PASS">
          <reporter-output>
          </reporter-output>
        </test-method> <!-- test1a -->
      </class> <!-- myProject.myTest1 -->
      <class name="myProject.myTest3">
        <test-method signature="test3()[pri:0, instance:myProject.myTest3@60d8c9b7]" started-at="2022-09-20T00:48:46 EDT" name="test3" finished-at="2022-09-20T00:48:46 EDT" duration-ms="0" status="PASS">
          <reporter-output>
          </reporter-output>
        </test-method> <!-- test3 -->
      </class> <!-- myProject.myTest3 -->
    </test> <!-- myTestNgTest -->
  </suite> <!-- myTestNgSuite -->
</testng-results>
