<?xml version="1.0" encoding="UTF-8"?>
<testsuite xmlns:xsi="http://www.w3.org/2001/XMLSchema-instance" xsi:noNamespaceSchemaLocation="https://maven.apache.org/surefire/maven-surefire-plugin/xsd/surefire-test-report-3.0.xsd" version="3.0" name="TestSuite" time="0.451" tests="4" errors="0" skipped="0" failures="0">
  <properties>
[...]
</properties>
  <testcase name="test1" classname="myProject.myTest1" time="0.007">
    <system-out><![CDATA[Hi, I'm in test1
]]></system-out>
    <system-err><![CDATA[SLF4J: Failed to load class "org.slf4j.impl.StaticLoggerBinder".
SLF4J: Defaulting to no-operation (NOP) logger implementation
SLF4J: See http://www.slf4j.org/codes.html#StaticLoggerBinder for further details.
]]></system-err>
  </testcase>
  <testcase name="test1a" classname="myProject.myTest1" time="0.002">
    <system-out><![CDATA[Hi, I'm in test1a
]]></system-out>
  </testcase>
  <testcase name="test2" classname="myProject.myTest2" time="0.003">
    <system-out><![CDATA[Hi, I'm in test2
]]></system-out>
  </testcase>
  <testcase name="test3" classname="myProject.myTest3" time="0.001">
    <system-out><![CDATA[Hi, I'm in test3
]]></system-out>
  </testcase>
</testsuite>